#
# A fatal error has been detected by the Java Runtime Environment:
#
#  EXCEPTION_ACCESS_VIOLATION (0xc0000005) at pc=0x0000000064267b9f, pid=27624, tid=0x000000000000671c
#
# JRE version: Java(TM) SE Runtime Environment (8.0_251-b08) (build 1.8.0_251-b08)
# Java VM: Java HotSpot(TM) 64-Bit Server VM (25.251-b08 mixed mode windows-amd64 compressed oops)
# Problematic frame:
# V  [jvm.dll+0xf7b9f]
#
# Failed to write core dump. Minidumps are not enabled by default on client versions of Windows
#
# If you would like to submit a bug report, please visit:
#   http://bugreport.java.com/bugreport/crash.jsp
#

---------------  T H R E A D  ---------------

Current thread (0x0000000002aea000):  GCTaskThread [stack: 0x00000000127e0000,0x00000000128e0000] [id=26396]

siginfo: ExceptionCode=0xc0000005, reading address 0x000000001d2302a8

Registers:
RAX=0x0000000000194140, RBX=0x0000000000000000, RCX=0x000000001d09c158, RDX=0x000000000000ca0a
RSP=0x00000000128de9a8, RBP=0x00000000128def20, RSI=0x00000000128df0b0, RDI=0x00000000128df0b0
R8 =0x0000000000000000, R9 =0x000000001d092c40, R10=0x0000000000000009, R11=0x000000001d0932e5
R12=0x0000000002aeaab0, R13=0x00000000128deee0, R14=0x00000000000003d8, R15=0x00000000128deed0
RIP=0x0000000064267b9f, EFLAGS=0x0000000000010212

Top of Stack: (sp=0x00000000128de9a8)
0x00000000128de9a8:   000000006426f5e0 0000000000000000
0x00000000128de9b8:   0000000000000000 0000000000000000
0x00000000128de9c8:   0000000000000000 000036d9bdd77000
0x00000000128de9d8:   0000000000000000 00000000128df0f0
0x00000000128de9e8:   000000006426f766 0000000000000000
0x00000000128de9f8:   0000000000000000 00000000128df0f0
0x00000000128dea08:   0000000000000000 0000000000000bfa
0x00000000128dea18:   0000000002ac0150 000000006477f1c8
0x00000000128dea28:   0000000002b270c0 0000000000000003
0x00000000128dea38:   000000000000000b 00000000128dea60
0x00000000128dea48:   00007ff900000003 2fffffff2fffffff
0x00000000128dea58:   0000000000000000 00000000128defe0
0x00000000128dea68:   00000000000003d8 000000001add4918
0x00000000128dea78:   ffffffffffffffff 0000000000000000
0x00000000128dea88:   00000000642352b8 00000000128df030
0x00000000128dea98:   00000000128df0f0 000000001add4af0 

Instructions: (pc=0x0000000064267b9f)
0x0000000064267b7f:   74 3e 85 d2 79 13 f7 d2 48 63 c2 48 c1 e0 05 48
0x0000000064267b8f:   8b 44 08 10 0f b7 c0 eb 12 48 63 c2 48 c1 e0 05
0x0000000064267b9f:   48 8b 44 08 10 0f b7 d0 48 63 c2 41 0f b7 4c c1
0x0000000064267baf:   52 48 63 c1 41 0f b7 44 c1 52 49 8b 44 c1 50 c3 


Register to memory mapping:

RAX=0x0000000000194140 is an unknown value
RBX=0x0000000000000000 is an unknown value
RCX=0x000000001d09c158 is pointing into metadata
RDX=0x000000000000ca0a is an unknown value
RSP=0x00000000128de9a8 is an unknown value
RBP=0x00000000128def20 is an unknown value
RSI=0x00000000128df0b0 is an unknown value
RDI=0x00000000128df0b0 is an unknown value
R8 =0x0000000000000000 is an unknown value
R9 =0x000000001d092c40 is pointing into metadata
R10=0x0000000000000009 is an unknown value
R11=0x000000001d0932e5 is pointing into metadata
R12=0x0000000002aeaab0 is an unknown value
R13=0x00000000128deee0 is an unknown value
R14=0x00000000000003d8 is an unknown value
R15=0x00000000128deed0 is an unknown value


Stack: [0x00000000127e0000,0x00000000128e0000],  sp=0x00000000128de9a8,  free space=1018k
Native frames: (J=compiled Java code, j=interpreted, Vv=VM code, C=native code)
V  [jvm.dll+0xf7b9f]

JavaThread 0x000000001e07c800 (nid = 24700) was being processed
Java frames: (J=compiled Java code, j=interpreted, Vv=VM code)
j  com.prueba.wolox.app.controllers.AlbumController.albumOfUser(I)Lorg/springframework/http/ResponseEntity;+0
v  ~StubRoutines::call_stub
J 1873  sun.reflect.NativeMethodAccessorImpl.invoke0(Ljava/lang/reflect/Method;Ljava/lang/Object;[Ljava/lang/Object;)Ljava/lang/Object; (0 bytes) @ 0x0000000002fe35bf [0x0000000002fe3540+0x7f]
J 3120 C1 sun.reflect.NativeMethodAccessorImpl.invoke(Ljava/lang/Object;[Ljava/lang/Object;)Ljava/lang/Object; (104 bytes) @ 0x000000000321bcdc [0x000000000321b8e0+0x3fc]
J 2886 C1 sun.reflect.DelegatingMethodAccessorImpl.invoke(Ljava/lang/Object;[Ljava/lang/Object;)Ljava/lang/Object; (10 bytes) @ 0x000000000319cb84 [0x000000000319cb20+0x64]
J 2885 C1 java.lang.reflect.Method.invoke(Ljava/lang/Object;[Ljava/lang/Object;)Ljava/lang/Object; (62 bytes) @ 0x000000000319c75c [0x000000000319c620+0x13c]
j  org.springframework.web.method.support.InvocableHandlerMethod.doInvoke([Ljava/lang/Object;)Ljava/lang/Object;+32
j  org.springframework.web.method.support.InvocableHandlerMethod.invokeForRequest(Lorg/springframework/web/context/request/NativeWebRequest;Lorg/springframework/web/method/support/ModelAndViewContainer;[Ljava/lang/Object;)Ljava/lang/Object;+54
j  org.springframework.web.servlet.mvc.method.annotation.ServletInvocableHandlerMethod.invokeAndHandle(Lorg/springframework/web/context/request/ServletWebRequest;Lorg/springframework/web/method/support/ModelAndViewContainer;[Ljava/lang/Object;)V+4
j  org.springframework.web.servlet.mvc.method.annotation.RequestMappingHandlerAdapter.invokeHandlerMethod(Ljavax/servlet/http/HttpServletRequest;Ljavax/servlet/http/HttpServletResponse;Lorg/springframework/web/method/HandlerMethod;)Lorg/springframework/web/servlet/ModelAndView;+244
j  org.springframework.web.servlet.mvc.method.annotation.RequestMappingHandlerAdapter.handleInternal(Ljavax/servlet/http/HttpServletRequest;Ljavax/servlet/http/HttpServletResponse;Lorg/springframework/web/method/HandlerMethod;)Lorg/springframework/web/servlet/ModelAndView;+81
j  org.springframework.web.servlet.mvc.method.AbstractHandlerMethodAdapter.handle(Ljavax/servlet/http/HttpServletRequest;Ljavax/servlet/http/HttpServletResponse;Ljava/lang/Object;)Lorg/springframework/web/servlet/ModelAndView;+7
j  org.springframework.web.servlet.DispatcherServlet.doDispatch(Ljavax/servlet/http/HttpServletRequest;Ljavax/servlet/http/HttpServletResponse;)V+257
j  org.springframework.web.servlet.DispatcherServlet.doService(Ljavax/servlet/http/HttpServletRequest;Ljavax/servlet/http/HttpServletResponse;)V+241
j  org.springframework.web.servlet.FrameworkServlet.processRequest(Ljavax/servlet/http/HttpServletRequest;Ljavax/servlet/http/HttpServletResponse;)V+71
j  org.springframework.web.servlet.FrameworkServlet.doGet(Ljavax/servlet/http/HttpServletRequest;Ljavax/servlet/http/HttpServletResponse;)V+3
j  javax.servlet.http.HttpServlet.service(Ljavax/servlet/http/HttpServletRequest;Ljavax/servlet/http/HttpServletResponse;)V+35
j  org.springframework.web.servlet.FrameworkServlet.service(Ljavax/servlet/http/HttpServletRequest;Ljavax/servlet/http/HttpServletResponse;)V+33
j  javax.servlet.http.HttpServlet.service(Ljavax/servlet/ServletRequest;Ljavax/servlet/ServletResponse;)V+36
j  org.apache.catalina.core.ApplicationFilterChain.internalDoFilter(Ljavax/servlet/ServletRequest;Ljavax/servlet/ServletResponse;)V+304
j  org.apache.catalina.core.ApplicationFilterChain.doFilter(Ljavax/servlet/ServletRequest;Ljavax/servlet/ServletResponse;)V+99
j  org.apache.tomcat.websocket.server.WsFilter.doFilter(Ljavax/servlet/ServletRequest;Ljavax/servlet/ServletResponse;Ljavax/servlet/FilterChain;)V+21
j  org.apache.catalina.core.ApplicationFilterChain.internalDoFilter(Ljavax/servlet/ServletRequest;Ljavax/servlet/ServletResponse;)V+135
j  org.apache.catalina.core.ApplicationFilterChain.doFilter(Ljavax/servlet/ServletRequest;Ljavax/servlet/ServletResponse;)V+99
j  org.springframework.web.filter.RequestContextFilter.doFilterInternal(Ljavax/servlet/http/HttpServletRequest;Ljavax/servlet/http/HttpServletResponse;Ljavax/servlet/FilterChain;)V+21
j  org.springframework.web.filter.OncePerRequestFilter.doFilter(Ljavax/servlet/ServletRequest;Ljavax/servlet/ServletResponse;Ljavax/servlet/FilterChain;)V+147
j  org.apache.catalina.core.ApplicationFilterChain.internalDoFilter(Ljavax/servlet/ServletRequest;Ljavax/servlet/ServletResponse;)V+135
j  org.apache.catalina.core.ApplicationFilterChain.doFilter(Ljavax/servlet/ServletRequest;Ljavax/servlet/ServletResponse;)V+99
j  org.springframework.web.filter.FormContentFilter.doFilterInternal(Ljavax/servlet/http/HttpServletRequest;Ljavax/servlet/http/HttpServletResponse;Ljavax/servlet/FilterChain;)V+38
j  org.springframework.web.filter.OncePerRequestFilter.doFilter(Ljavax/servlet/ServletRequest;Ljavax/servlet/ServletResponse;Ljavax/servlet/FilterChain;)V+147
j  org.apache.catalina.core.ApplicationFilterChain.internalDoFilter(Ljavax/servlet/ServletRequest;Ljavax/servlet/ServletResponse;)V+135
j  org.apache.catalina.core.ApplicationFilterChain.doFilter(Ljavax/servlet/ServletRequest;Ljavax/servlet/ServletResponse;)V+99
j  org.springframework.web.filter.CharacterEncodingFilter.doFilterInternal(Ljavax/servlet/http/HttpServletRequest;Ljavax/servlet/http/HttpServletResponse;Ljavax/servlet/FilterChain;)V+53
j  org.springframework.web.filter.OncePerRequestFilter.doFilter(Ljavax/servlet/ServletRequest;Ljavax/servlet/ServletResponse;Ljavax/servlet/FilterChain;)V+147
j  org.apache.catalina.core.ApplicationFilterChain.internalDoFilter(Ljavax/servlet/ServletRequest;Ljavax/servlet/ServletResponse;)V+135
j  org.apache.catalina.core.ApplicationFilterChain.doFilter(Ljavax/servlet/ServletRequest;Ljavax/servlet/ServletResponse;)V+99
j  org.apache.catalina.core.StandardWrapperValve.invoke(Lorg/apache/catalina/connector/Request;Lorg/apache/catalina/connector/Response;)V+694
j  org.apache.catalina.core.StandardContextValve.invoke(Lorg/apache/catalina/connector/Request;Lorg/apache/catalina/connector/Response;)V+169
j  org.apache.catalina.authenticator.AuthenticatorBase.invoke(Lorg/apache/catalina/connector/Request;Lorg/apache/catalina/connector/Response;)V+260
j  org.apache.catalina.core.StandardHostValve.invoke(Lorg/apache/catalina/connector/Request;Lorg/apache/catalina/connector/Response;)V+128
j  org.apache.catalina.valves.ErrorReportValve.invoke(Lorg/apache/catalina/connector/Request;Lorg/apache/catalina/connector/Response;)V+6
j  org.apache.catalina.core.StandardEngineValve.invoke(Lorg/apache/catalina/connector/Request;Lorg/apache/catalina/connector/Response;)V+59
j  org.apache.catalina.connector.CoyoteAdapter.service(Lorg/apache/coyote/Request;Lorg/apache/coyote/Response;)V+199
j  org.apache.coyote.http11.Http11Processor.service(Lorg/apache/tomcat/util/net/SocketWrapperBase;)Lorg/apache/tomcat/util/net/AbstractEndpoint$Handler$SocketState;+737
j  org.apache.coyote.AbstractProcessorLight.process(Lorg/apache/tomcat/util/net/SocketWrapperBase;Lorg/apache/tomcat/util/net/SocketEvent;)Lorg/apache/tomcat/util/net/AbstractEndpoint$Handler$SocketState;+170
j  org.apache.coyote.AbstractProtocol$ConnectionHandler.process(Lorg/apache/tomcat/util/net/SocketWrapperBase;Lorg/apache/tomcat/util/net/SocketEvent;)Lorg/apache/tomcat/util/net/AbstractEndpoint$Handler$SocketState;+505
j  org.apache.tomcat.util.net.NioEndpoint$SocketProcessor.doRun()V+216
j  org.apache.tomcat.util.net.SocketProcessorBase.run()V+21
j  java.util.concurrent.ThreadPoolExecutor.runWorker(Ljava/util/concurrent/ThreadPoolExecutor$Worker;)V+95
j  java.util.concurrent.ThreadPoolExecutor$Worker.run()V+5
j  org.apache.tomcat.util.threads.TaskThread$WrappingRunnable.run()V+4
j  java.lang.Thread.run()V+11
v  ~StubRoutines::call_stub

---------------  P R O C E S S  ---------------

Java Threads: ( => current thread )
  0x000000001e074000 JavaThread "Thread-14" [_thread_blocked, id=18252, stack(0x0000000000f80000,0x0000000001080000)]
  0x000000001e07c800 JavaThread "http-nio-8080-exec-3" daemon [_thread_blocked, id=24700, stack(0x000000001fdc0000,0x000000001fec0000)]
  0x000000001e07b000 JavaThread "DestroyJavaVM" [_thread_blocked, id=26504, stack(0x00000000028d0000,0x00000000029d0000)]
  0x000000001df4b000 JavaThread "http-nio-8080-exec-1" daemon [_thread_blocked, id=26044, stack(0x000000001f8c0000,0x000000001f9c0000)]
  0x000000001e051000 JavaThread "Live Reload Server" daemon [_thread_in_native, id=21816, stack(0x000000001f6c0000,0x000000001f7c0000)]
  0x000000001c1e5800 JavaThread "RMI TCP Accept-0" daemon [_thread_in_native, id=21348, stack(0x000000001ca80000,0x000000001cb80000)]
  0x000000001c1da800 JavaThread "RMI TCP Accept-59877" daemon [_thread_in_native, id=21204, stack(0x000000001c980000,0x000000001ca80000)]
  0x000000001c1c7000 JavaThread "RMI TCP Accept-0" daemon [_thread_in_native, id=19348, stack(0x000000001c880000,0x000000001c980000)]
  0x000000001ad7b800 JavaThread "Service Thread" daemon [_thread_blocked, id=26984, stack(0x000000001bf80000,0x000000001c080000)]
  0x000000001ad8b000 JavaThread "C1 CompilerThread3" daemon [_thread_blocked, id=16696, stack(0x000000001be80000,0x000000001bf80000)]
  0x000000001ad8a000 JavaThread "C2 CompilerThread2" daemon [_thread_blocked, id=20652, stack(0x000000001bd80000,0x000000001be80000)]
  0x000000001ad89800 JavaThread "C2 CompilerThread1" daemon [_thread_blocked, id=20044, stack(0x000000001bc80000,0x000000001bd80000)]
  0x000000001ad77800 JavaThread "C2 CompilerThread0" daemon [_thread_blocked, id=32, stack(0x000000001bb80000,0x000000001bc80000)]
  0x000000001ad69800 JavaThread "JDWP Command Reader" daemon [_thread_in_native, id=27388, stack(0x000000001ba80000,0x000000001bb80000)]
  0x000000001ad62000 JavaThread "JDWP Event Helper Thread" daemon [_thread_blocked, id=3244, stack(0x000000001b980000,0x000000001ba80000)]
  0x000000001ad60800 JavaThread "JDWP Transport Listener: dt_socket" daemon [_thread_blocked, id=19516, stack(0x000000001b880000,0x000000001b980000)]
  0x000000001ad4f800 JavaThread "Attach Listener" daemon [_thread_blocked, id=27180, stack(0x000000001b440000,0x000000001b540000)]
  0x000000001ad4e800 JavaThread "Signal Dispatcher" daemon [_thread_blocked, id=26780, stack(0x000000001b340000,0x000000001b440000)]
  0x000000001ad40800 JavaThread "Finalizer" daemon [_thread_blocked, id=26816, stack(0x000000001b120000,0x000000001b220000)]
  0x0000000018e2d000 JavaThread "Reference Handler" daemon [_thread_blocked, id=26824, stack(0x000000001ac20000,0x000000001ad20000)]

Other Threads:
  0x0000000018e29000 VMThread [stack: 0x000000001ab20000,0x000000001ac20000] [id=16068]
  0x000000001c1e3000 WatcherThread [stack: 0x000000001cb80000,0x000000001cc80000] [id=27412]

=>0x0000000002aea000 (exited) GCTaskThread [stack: 0x00000000127e0000,0x00000000128e0000] [id=26396]

VM state:at safepoint (normal execution)

VM Mutex/Monitor currently owned by a thread:  ([mutex/lock_event])
[0x0000000002ad2b50] Threads_lock - owner thread: 0x0000000018e29000
[0x0000000002ad28d0] Heap_lock - owner thread: 0x000000001e074000

heap address: 0x0000000721400000, size: 2540 MB, Compressed Oops mode: Zero based, Oop shift amount: 3
Narrow klass base: 0x0000000000000000, Narrow klass shift: 3
Compressed class space size: 1073741824 Address: 0x00000007c0000000

Heap:
 PSYoungGen      total 66048K, used 44029K [0x000000078b180000, 0x000000078fc80000, 0x00000007c0000000)
  eden space 56320K, 78% used [0x000000078b180000,0x000000078dc7f648,0x000000078e880000)
  from space 9728K, 0% used [0x000000078f300000,0x000000078f300000,0x000000078fc80000)
  to   space 10240K, 17% used [0x000000078e880000,0x000000078ea48000,0x000000078f280000)
 ParOldGen       total 73216K, used 13588K [0x0000000721400000, 0x0000000725b80000, 0x000000078b180000)
  object space 73216K, 18% used [0x0000000721400000,0x00000007221451b0,0x0000000725b80000)
 Metaspace       used 33626K, capacity 36156K, committed 36352K, reserved 1081344K
  class space    used 4498K, capacity 5012K, committed 5120K, reserved 1048576K

Card table byte_map: [0x0000000011f90000,0x0000000012490000] byte_map_base: 0x000000000e686000

Marking Bits: (ParMarkBitMap*) 0x000000006499af90
 Begin Bits: [0x0000000012fe0000, 0x0000000015790000)
 End Bits:   [0x0000000015790000, 0x0000000017f40000)

Polling page: 0x0000000002880000

CodeCache: size=245760Kb used=8585Kb max_used=8585Kb free=237175Kb
 bounds [0x0000000002bd0000, 0x0000000003440000, 0x0000000011bd0000]
 total_blobs=4589 nmethods=4096 adapters=414
 compilation: enabled

Compilation events (10 events):
Event: 270.965 Thread 0x000000001ad8b000 4158       1       org.apache.coyote.AbstractProtocol$$Lambda$548/1346722195::run (8 bytes)
Event: 270.965 Thread 0x000000001ad8b000 nmethod 4158 0x00000000034323d0 code [0x0000000003432520, 0x0000000003432668]
Event: 270.965 Thread 0x000000001ad8b000 4159       1       org.apache.coyote.AbstractProtocol::lambda$startAsyncTimeout$1 (46 bytes)
Event: 270.966 Thread 0x000000001ad8b000 nmethod 4159 0x0000000003432710 code [0x00000000034328a0, 0x0000000003432ad8]
Event: 271.819 Thread 0x000000001ad8b000 4160       1       org.springframework.boot.devtools.filewatch.FileSnapshot::getFile (5 bytes)
Event: 271.820 Thread 0x000000001ad8b000 nmethod 4160 0x0000000003432c10 code [0x0000000003432d60, 0x0000000003432e70]
Event: 272.077 Thread 0x000000001ad8b000 4161       1       sun.nio.ch.SelectorImpl::keys (28 bytes)
Event: 272.078 Thread 0x000000001ad8b000 nmethod 4161 0x0000000003432ed0 code [0x0000000003433040, 0x0000000003433218]
Event: 272.085 Thread 0x000000001ad8b000 4162  s    1       org.apache.tomcat.util.modeler.Registry::getRegistry (53 bytes)
Event: 272.086 Thread 0x000000001ad8b000 nmethod 4162 0x0000000003433350 code [0x00000000034334c0, 0x0000000003433888]

GC Heap History (10 events):
Event: 57.224 GC heap after
Heap after GC invocations=7 (full 1):
 PSYoungGen      total 67584K, used 5719K [0x000000078b180000, 0x000000078fd80000, 0x00000007c0000000)
  eden space 57344K, 0% used [0x000000078b180000,0x000000078b180000,0x000000078e980000)
  from space 10240K, 55% used [0x000000078f380000,0x000000078f915fa0,0x000000078fd80000)
  to   space 10240K, 0% used [0x000000078e980000,0x000000078e980000,0x000000078f380000)
 ParOldGen       total 73216K, used 9600K [0x0000000721400000, 0x0000000725b80000, 0x000000078b180000)
  object space 73216K, 13% used [0x0000000721400000,0x0000000721d60100,0x0000000725b80000)
 Metaspace       used 29424K, capacity 31658K, committed 31872K, reserved 1077248K
  class space    used 3981K, capacity 4384K, committed 4480K, reserved 1048576K
}
Event: 57.224 GC heap before
{Heap before GC invocations=8 (full 2):
 PSYoungGen      total 67584K, used 5719K [0x000000078b180000, 0x000000078fd80000, 0x00000007c0000000)
  eden space 57344K, 0% used [0x000000078b180000,0x000000078b180000,0x000000078e980000)
  from space 10240K, 55% used [0x000000078f380000,0x000000078f915fa0,0x000000078fd80000)
  to   space 10240K, 0% used [0x000000078e980000,0x000000078e980000,0x000000078f380000)
 ParOldGen       total 73216K, used 9600K [0x0000000721400000, 0x0000000725b80000, 0x000000078b180000)
  object space 73216K, 13% used [0x0000000721400000,0x0000000721d60100,0x0000000725b80000)
 Metaspace       used 29424K, capacity 31658K, committed 31872K, reserved 1077248K
  class space    used 3981K, capacity 4384K, committed 4480K, reserved 1048576K
Event: 57.303 GC heap after
Heap after GC invocations=8 (full 2):
 PSYoungGen      total 67584K, used 0K [0x000000078b180000, 0x000000078fd80000, 0x00000007c0000000)
  eden space 57344K, 0% used [0x000000078b180000,0x000000078b180000,0x000000078e980000)
  from space 10240K, 0% used [0x000000078f380000,0x000000078f380000,0x000000078fd80000)
  to   space 10240K, 0% used [0x000000078e980000,0x000000078e980000,0x000000078f380000)
 ParOldGen       total 73216K, used 10103K [0x0000000721400000, 0x0000000725b80000, 0x000000078b180000)
  object space 73216K, 13% used [0x0000000721400000,0x0000000721dddc88,0x0000000725b80000)
 Metaspace       used 29424K, capacity 31658K, committed 31872K, reserved 1077248K
  class space    used 3981K, capacity 4384K, committed 4480K, reserved 1048576K
}
Event: 219.629 GC heap before
{Heap before GC invocations=9 (full 2):
 PSYoungGen      total 67584K, used 57344K [0x000000078b180000, 0x000000078fd80000, 0x00000007c0000000)
  eden space 57344K, 100% used [0x000000078b180000,0x000000078e980000,0x000000078e980000)
  from space 10240K, 0% used [0x000000078f380000,0x000000078f380000,0x000000078fd80000)
  to   space 10240K, 0% used [0x000000078e980000,0x000000078e980000,0x000000078f380000)
 ParOldGen       total 73216K, used 10103K [0x0000000721400000, 0x0000000725b80000, 0x000000078b180000)
  object space 73216K, 13% used [0x0000000721400000,0x0000000721dddc88,0x0000000725b80000)
 Metaspace       used 31114K, capacity 33556K, committed 33664K, reserved 1079296K
  class space    used 4210K, capacity 4711K, committed 4736K, reserved 1048576K
Event: 219.634 GC heap after
Heap after GC invocations=9 (full 2):
 PSYoungGen      total 60416K, used 3960K [0x000000078b180000, 0x000000078fd80000, 0x00000007c0000000)
  eden space 56320K, 0% used [0x000000078b180000,0x000000078b180000,0x000000078e880000)
  from space 4096K, 96% used [0x000000078e980000,0x000000078ed5e290,0x000000078ed80000)
  to   space 10752K, 0% used [0x000000078f300000,0x000000078f300000,0x000000078fd80000)
 ParOldGen       total 73216K, used 10111K [0x0000000721400000, 0x0000000725b80000, 0x000000078b180000)
  object space 73216K, 13% used [0x0000000721400000,0x0000000721ddfc88,0x0000000725b80000)
 Metaspace       used 31114K, capacity 33556K, committed 33664K, reserved 1079296K
  class space    used 4210K, capacity 4711K, committed 4736K, reserved 1048576K
}
Event: 251.962 GC heap before
{Heap before GC invocations=10 (full 2):
 PSYoungGen      total 60416K, used 28263K [0x000000078b180000, 0x000000078fd80000, 0x00000007c0000000)
  eden space 56320K, 43% used [0x000000078b180000,0x000000078c93b9c0,0x000000078e880000)
  from space 4096K, 96% used [0x000000078e980000,0x000000078ed5e290,0x000000078ed80000)
  to   space 10752K, 0% used [0x000000078f300000,0x000000078f300000,0x000000078fd80000)
 ParOldGen       total 73216K, used 10111K [0x0000000721400000, 0x0000000725b80000, 0x000000078b180000)
  object space 73216K, 13% used [0x0000000721400000,0x0000000721ddfc88,0x0000000725b80000)
 Metaspace       used 33519K, capacity 35946K, committed 36224K, reserved 1081344K
  class space    used 4476K, capacity 4957K, committed 4992K, reserved 1048576K
Event: 251.980 GC heap after
Heap after GC invocations=10 (full 2):
 PSYoungGen      total 66048K, used 6033K [0x000000078b180000, 0x000000078fc80000, 0x00000007c0000000)
  eden space 56320K, 0% used [0x000000078b180000,0x000000078b180000,0x000000078e880000)
  from space 9728K, 62% used [0x000000078f300000,0x000000078f8e46c8,0x000000078fc80000)
  to   space 10240K, 0% used [0x000000078e880000,0x000000078e880000,0x000000078f280000)
 ParOldGen       total 73216K, used 10119K [0x0000000721400000, 0x0000000725b80000, 0x000000078b180000)
  object space 73216K, 13% used [0x0000000721400000,0x0000000721de1c88,0x0000000725b80000)
 Metaspace       used 33519K, capacity 35946K, committed 36224K, reserved 1081344K
  class space    used 4476K, capacity 4957K, committed 4992K, reserved 1048576K
}
Event: 251.980 GC heap before
{Heap before GC invocations=11 (full 3):
 PSYoungGen      total 66048K, used 6033K [0x000000078b180000, 0x000000078fc80000, 0x00000007c0000000)
  eden space 56320K, 0% used [0x000000078b180000,0x000000078b180000,0x000000078e880000)
  from space 9728K, 62% used [0x000000078f300000,0x000000078f8e46c8,0x000000078fc80000)
  to   space 10240K, 0% used [0x000000078e880000,0x000000078e880000,0x000000078f280000)
 ParOldGen       total 73216K, used 10119K [0x0000000721400000, 0x0000000725b80000, 0x000000078b180000)
  object space 73216K, 13% used [0x0000000721400000,0x0000000721de1c88,0x0000000725b80000)
 Metaspace       used 33519K, capacity 35946K, committed 36224K, reserved 1081344K
  class space    used 4476K, capacity 4957K, committed 4992K, reserved 1048576K
Event: 252.214 GC heap after
Heap after GC invocations=11 (full 3):
 PSYoungGen      total 66048K, used 0K [0x000000078b180000, 0x000000078fc80000, 0x00000007c0000000)
  eden space 56320K, 0% used [0x000000078b180000,0x000000078b180000,0x000000078e880000)
  from space 9728K, 0% used [0x000000078f300000,0x000000078f300000,0x000000078fc80000)
  to   space 10240K, 0% used [0x000000078e880000,0x000000078e880000,0x000000078f280000)
 ParOldGen       total 73216K, used 13580K [0x0000000721400000, 0x0000000725b80000, 0x000000078b180000)
  object space 73216K, 18% used [0x0000000721400000,0x00000007221431b0,0x0000000725b80000)
 Metaspace       used 33517K, capacity 35940K, committed 36224K, reserved 1081344K
  class space    used 4476K, capacity 4955K, committed 4992K, reserved 1048576K
}
Event: 272.090 GC heap before
{Heap before GC invocations=12 (full 3):
 PSYoungGen      total 66048K, used 44029K [0x000000078b180000, 0x000000078fc80000, 0x00000007c0000000)
  eden space 56320K, 78% used [0x000000078b180000,0x000000078dc7f648,0x000000078e880000)
  from space 9728K, 0% used [0x000000078f300000,0x000000078f300000,0x000000078fc80000)
  to   space 10240K, 0% used [0x000000078e880000,0x000000078e880000,0x000000078f280000)
 ParOldGen       total 73216K, used 13580K [0x0000000721400000, 0x0000000725b80000, 0x000000078b180000)
  object space 73216K, 18% used [0x0000000721400000,0x00000007221431b0,0x0000000725b80000)
 Metaspace       used 33626K, capacity 36156K, committed 36352K, reserved 1081344K
  class space    used 4498K, capacity 5012K, committed 5120K, reserved 1048576K

Deoptimization events (0 events):
No events

Classes redefined (6 events):
Event: 55.956 Thread 0x0000000018e29000 redefined class name=com.prueba.wolox.app.controllers.AlbumController, count=1
Event: 243.571 Thread 0x0000000018e29000 redefined class name=com.prueba.wolox.app.controllers.AlbumController, count=1
Event: 243.591 Thread 0x0000000018e29000 redefined class name=com.prueba.wolox.app.controllers.AlbumController, count=2
Event: 270.172 Thread 0x0000000018e29000 redefined class name=com.prueba.wolox.app.controllers.AlbumController, count=1
Event: 270.198 Thread 0x0000000018e29000 redefined class name=com.prueba.wolox.app.controllers.AlbumController, count=2
Event: 270.223 Thread 0x0000000018e29000 redefined class name=com.prueba.wolox.app.controllers.AlbumController, count=3

Internal exceptions (10 events):
Event: 252.822 Thread 0x000000001e077000 Exception <a 'java/lang/ArrayIndexOutOfBoundsException'> (0x000000078d302830) thrown at [C:\jenkins\workspace\8-2-build-windows-amd64-cygwin\jdk8u251\737\hotspot\src\share\vm\runtime\sharedRuntime.cpp, line 605]
Event: 252.823 Thread 0x000000001e077000 Exception <a 'java/lang/ArrayIndexOutOfBoundsException'> (0x000000078d30b690) thrown at [C:\jenkins\workspace\8-2-build-windows-amd64-cygwin\jdk8u251\737\hotspot\src\share\vm\runtime\sharedRuntime.cpp, line 605]
Event: 252.840 Thread 0x000000001e077000 Exception <a 'java/lang/ArrayIndexOutOfBoundsException'> (0x000000078d407ff8) thrown at [C:\jenkins\workspace\8-2-build-windows-amd64-cygwin\jdk8u251\737\hotspot\src\share\vm\runtime\sharedRuntime.cpp, line 605]
Event: 252.847 Thread 0x000000001e077000 Exception <a 'java/lang/ArrayIndexOutOfBoundsException'> (0x000000078d444af8) thrown at [C:\jenkins\workspace\8-2-build-windows-amd64-cygwin\jdk8u251\737\hotspot\src\share\vm\runtime\sharedRuntime.cpp, line 605]
Event: 252.847 Thread 0x000000001e077000 Exception <a 'java/lang/ArrayIndexOutOfBoundsException'> (0x000000078d449be0) thrown at [C:\jenkins\workspace\8-2-build-windows-amd64-cygwin\jdk8u251\737\hotspot\src\share\vm\runtime\sharedRuntime.cpp, line 605]
Event: 252.848 Thread 0x000000001e077000 Exception <a 'java/lang/ArrayIndexOutOfBoundsException'> (0x000000078d451b18) thrown at [C:\jenkins\workspace\8-2-build-windows-amd64-cygwin\jdk8u251\737\hotspot\src\share\vm\runtime\sharedRuntime.cpp, line 605]
Event: 252.848 Thread 0x000000001e077000 Exception <a 'java/lang/ArrayIndexOutOfBoundsException'> (0x000000078d456aa0) thrown at [C:\jenkins\workspace\8-2-build-windows-amd64-cygwin\jdk8u251\737\hotspot\src\share\vm\runtime\sharedRuntime.cpp, line 605]
Event: 252.849 Thread 0x000000001e077000 Exception <a 'java/lang/ArrayIndexOutOfBoundsException'> (0x000000078d466298) thrown at [C:\jenkins\workspace\8-2-build-windows-amd64-cygwin\jdk8u251\737\hotspot\src\share\vm\runtime\sharedRuntime.cpp, line 605]
Event: 252.849 Thread 0x000000001e077000 Exception <a 'java/lang/ArrayIndexOutOfBoundsException'> (0x000000078d475478) thrown at [C:\jenkins\workspace\8-2-build-windows-amd64-cygwin\jdk8u251\737\hotspot\src\share\vm\runtime\sharedRuntime.cpp, line 605]
Event: 272.084 Thread 0x000000001e075000 Exception <a 'java/lang/InterruptedException': sleep interrupted> (0x000000078dc572d8) thrown at [C:\jenkins\workspace\8-2-build-windows-amd64-cygwin\jdk8u251\737\hotspot\src\share\vm\prims\jvm.cpp, line 3336]

Events (10 events):
Event: 272.088 Executing VM operation: RevokeBias done
Event: 272.088 Executing VM operation: RevokeBias
Event: 272.088 Executing VM operation: RevokeBias done
Event: 272.088 Executing VM operation: BulkRevokeBias
Event: 272.088 Executing VM operation: BulkRevokeBias done
Event: 272.089 Executing VM operation: RevokeBias
Event: 272.089 Executing VM operation: RevokeBias done
Event: 272.089 Executing VM operation: RevokeBias
Event: 272.089 Executing VM operation: RevokeBias done
Event: 272.090 Executing VM operation: ParallelGCSystemGC


Dynamic libraries:
0x00007ff666300000 - 0x00007ff666337000 	C:\Program Files\Java\jre1.8.0_251\bin\javaw.exe
0x00007ff9c4c70000 - 0x00007ff9c4e65000 	C:\WINDOWS\SYSTEM32\ntdll.dll
0x00007ff9c3840000 - 0x00007ff9c38fd000 	C:\WINDOWS\System32\KERNEL32.DLL
0x00007ff9c25c0000 - 0x00007ff9c2888000 	C:\WINDOWS\System32\KERNELBASE.dll
0x00007ff9c4580000 - 0x00007ff9c462c000 	C:\WINDOWS\System32\ADVAPI32.dll
0x00007ff9c2cd0000 - 0x00007ff9c2d6e000 	C:\WINDOWS\System32\msvcrt.dll
0x00007ff9c44e0000 - 0x00007ff9c457b000 	C:\WINDOWS\System32\sechost.dll
0x00007ff9c4730000 - 0x00007ff9c485b000 	C:\WINDOWS\System32\RPCRT4.dll
0x00007ff9c3510000 - 0x00007ff9c36b0000 	C:\WINDOWS\System32\USER32.dll
0x00007ff9c23b0000 - 0x00007ff9c23d2000 	C:\WINDOWS\System32\win32u.dll
0x00007ff9c36b0000 - 0x00007ff9c36da000 	C:\WINDOWS\System32\GDI32.dll
0x00007ff9c2a10000 - 0x00007ff9c2b1b000 	C:\WINDOWS\System32\gdi32full.dll
0x00007ff9c2bd0000 - 0x00007ff9c2c6d000 	C:\WINDOWS\System32\msvcp_win.dll
0x00007ff9c2890000 - 0x00007ff9c2990000 	C:\WINDOWS\System32\ucrtbase.dll
0x00007ff9ad090000 - 0x00007ff9ad32a000 	C:\WINDOWS\WinSxS\amd64_microsoft.windows.common-controls_6595b64144ccf1df_6.0.19041.844_none_ca00b6081b84eb1d\COMCTL32.dll
0x00007ff9c4920000 - 0x00007ff9c4950000 	C:\WINDOWS\System32\IMM32.DLL
0x0000000063e70000 - 0x0000000063f42000 	C:\Program Files\Java\jre1.8.0_251\bin\msvcr100.dll
0x0000000064170000 - 0x0000000064a1b000 	C:\Program Files\Java\jre1.8.0_251\bin\server\jvm.dll
0x00007ff9c3760000 - 0x00007ff9c3768000 	C:\WINDOWS\System32\PSAPI.DLL
0x00007ff9bc6a0000 - 0x00007ff9bc6aa000 	C:\WINDOWS\SYSTEM32\VERSION.dll
0x00007ff9bd560000 - 0x00007ff9bd569000 	C:\WINDOWS\SYSTEM32\WSOCK32.dll
0x00007ff9b8b10000 - 0x00007ff9b8b37000 	C:\WINDOWS\SYSTEM32\WINMM.dll
0x00007ff9c4b00000 - 0x00007ff9c4b6b000 	C:\WINDOWS\System32\WS2_32.dll
0x00007ff9bd520000 - 0x00007ff9bd52f000 	C:\Program Files\Java\jre1.8.0_251\bin\verify.dll
0x00007ff9b0b00000 - 0x00007ff9b0b29000 	C:\Program Files\Java\jre1.8.0_251\bin\java.dll
0x00007ff99c440000 - 0x00007ff99c475000 	C:\Program Files\Java\jre1.8.0_251\bin\jdwp.dll
0x00007ff9bfa80000 - 0x00007ff9bfa88000 	C:\Program Files\Java\jre1.8.0_251\bin\npt.dll
0x00007ff9b63e0000 - 0x00007ff9b63f6000 	C:\Program Files\Java\jre1.8.0_251\bin\zip.dll
0x00007ff9c3d90000 - 0x00007ff9c44d2000 	C:\WINDOWS\System32\SHELL32.dll
0x00007ff9c04b0000 - 0x00007ff9c0c41000 	C:\WINDOWS\SYSTEM32\windows.storage.dll
0x00007ff9c3900000 - 0x00007ff9c3c55000 	C:\WINDOWS\System32\combase.dll
0x00007ff9c1d50000 - 0x00007ff9c1d7c000 	C:\WINDOWS\SYSTEM32\Wldp.dll
0x00007ff9c4b80000 - 0x00007ff9c4c2e000 	C:\WINDOWS\System32\SHCORE.dll
0x00007ff9c4860000 - 0x00007ff9c48b5000 	C:\WINDOWS\System32\shlwapi.dll
0x00007ff9c22f0000 - 0x00007ff9c230f000 	C:\WINDOWS\SYSTEM32\profapi.dll
0x00007ff9a5d60000 - 0x00007ff9a5d69000 	C:\Program Files\Java\jre1.8.0_251\bin\dt_socket.dll
0x00007ff9b7af0000 - 0x00007ff9b7b07000 	C:\WINDOWS\system32\napinsp.dll
0x00007ff9b7ab0000 - 0x00007ff9b7acb000 	C:\WINDOWS\system32\pnrpnsp.dll
0x00007ff9af130000 - 0x00007ff9af145000 	C:\WINDOWS\system32\wshbth.dll
0x00007ff9bc260000 - 0x00007ff9bc27d000 	C:\WINDOWS\system32\NLAapi.dll
0x00007ff9c1780000 - 0x00007ff9c17bb000 	C:\WINDOWS\SYSTEM32\IPHLPAPI.DLL
0x00007ff9c1a70000 - 0x00007ff9c1ada000 	C:\WINDOWS\System32\mswsock.dll
0x00007ff9c17c0000 - 0x00007ff9c188c000 	C:\WINDOWS\SYSTEM32\DNSAPI.dll
0x00007ff9c4b70000 - 0x00007ff9c4b78000 	C:\WINDOWS\System32\NSI.dll
0x00007ff9af0a0000 - 0x00007ff9af0b2000 	C:\WINDOWS\System32\winrnr.dll
0x00007ff9b7e80000 - 0x00007ff9b7eff000 	C:\WINDOWS\System32\fwpuclnt.dll
0x00007ff9c29e0000 - 0x00007ff9c2a07000 	C:\WINDOWS\System32\bcrypt.dll
0x00007ff9b8330000 - 0x00007ff9b833a000 	C:\Windows\System32\rasadhlp.dll
0x00007ff9bfad0000 - 0x00007ff9bfadd000 	C:\Program Files\Java\jre1.8.0_251\bin\management.dll
0x00007ff9b0ca0000 - 0x00007ff9b0cba000 	C:\Program Files\Java\jre1.8.0_251\bin\net.dll
0x00007ff9b0940000 - 0x00007ff9b0952000 	C:\Program Files\Java\jre1.8.0_251\bin\nio.dll
0x00007ff9c1c50000 - 0x00007ff9c1c68000 	C:\WINDOWS\SYSTEM32\CRYPTSP.dll
0x00007ff9c1420000 - 0x00007ff9c1454000 	C:\WINDOWS\system32\rsaenh.dll
0x00007ff9c22b0000 - 0x00007ff9c22de000 	C:\WINDOWS\SYSTEM32\USERENV.dll
0x00007ff9c2540000 - 0x00007ff9c25c0000 	C:\WINDOWS\System32\bcryptprimitives.dll
0x00007ff9c1c40000 - 0x00007ff9c1c4c000 	C:\WINDOWS\SYSTEM32\CRYPTBASE.dll
0x00007ff9bb120000 - 0x00007ff9bb137000 	C:\WINDOWS\SYSTEM32\dhcpcsvc6.DLL
0x00007ff9ba9d0000 - 0x00007ff9ba9ed000 	C:\WINDOWS\SYSTEM32\dhcpcsvc.DLL
0x00007ff9b0770000 - 0x00007ff9b0794000 	C:\Program Files\Java\jre1.8.0_251\bin\sunec.dll
0x00007ff9bc670000 - 0x00007ff9bc67c000 	C:\Program Files\Java\jre1.8.0_251\bin\sunmscapi.dll
0x00007ff9c23e0000 - 0x00007ff9c253f000 	C:\WINDOWS\System32\CRYPT32.dll
0x00007ff9c1dc0000 - 0x00007ff9c1de7000 	C:\WINDOWS\SYSTEM32\ncrypt.dll
0x00007ff9c1d80000 - 0x00007ff9c1dbb000 	C:\WINDOWS\SYSTEM32\NTASN1.dll
0x00007ff9b6ce0000 - 0x00007ff9b6ec4000 	C:\WINDOWS\SYSTEM32\dbghelp.dll

VM Arguments:
jvm_args: -agentlib:jdwp=transport=dt_socket,suspend=y,address=localhost:59878 -Dcom.sun.management.jmxremote -Dcom.sun.management.jmxremote.port=59877 -Dcom.sun.management.jmxremote.authenticate=false -Dcom.sun.management.jmxremote.ssl=false -Djava.rmi.server.hostname=localhost -Dspring.liveBeansView.mbeanDomain -Dspring.application.admin.enabled=true -Xverify:none -XX:TieredStopAtLevel=1 -Dfile.encoding=UTF-8 
java_command: com.prueba.wolox.app.PruebaWoloxApplication --spring.output.ansi.enabled=always
java_class_path (initial): C:\Program Files\Java\jre1.8.0_251\lib\resources.jar;C:\Program Files\Java\jre1.8.0_251\lib\rt.jar;C:\Program Files\Java\jre1.8.0_251\lib\jsse.jar;C:\Program Files\Java\jre1.8.0_251\lib\jce.jar;C:\Program Files\Java\jre1.8.0_251\lib\charsets.jar;C:\Program Files\Java\jre1.8.0_251\lib\jfr.jar;C:\Program Files\Java\jre1.8.0_251\lib\ext\access-bridge-64.jar;C:\Program Files\Java\jre1.8.0_251\lib\ext\cldrdata.jar;C:\Program Files\Java\jre1.8.0_251\lib\ext\dnsns.jar;C:\Program Files\Java\jre1.8.0_251\lib\ext\jaccess.jar;C:\Program Files\Java\jre1.8.0_251\lib\ext\jfxrt.jar;C:\Program Files\Java\jre1.8.0_251\lib\ext\localedata.jar;C:\Program Files\Java\jre1.8.0_251\lib\ext\nashorn.jar;C:\Program Files\Java\jre1.8.0_251\lib\ext\sunec.jar;C:\Program Files\Java\jre1.8.0_251\lib\ext\sunjce_provider.jar;C:\Program Files\Java\jre1.8.0_251\lib\ext\sunmscapi.jar;C:\Program Files\Java\jre1.8.0_251\lib\ext\sunpkcs11.jar;C:\Program Files\Java\jre1.8.0_251\lib\ext\zipfs.jar;C:\Users\elcdb\Documents\beto\Curso-Udemy\prueba-wolox\target\classes;C:\Users\elcdb\.m2\repository\org\springframework\boot\spring-boot-starter-web\2.4.5\spring-boot-starter-web-2.4.5.jar;C:\Users\elcdb\.m2\repository\org\springframework\boot\spring-boot-starter\2.4.5\spring-boot-starter-2.4.5.jar;C:\Users\elcdb\.m2\repository\org\springframework\boot\spring-boot-starter-logging\2.4.5\spring-boot-starter-logging-2.4.5.jar;C:\Users\elcdb\.m2\repository\ch\qos\logback\logback-classic\1.2.3\logback-classic-1.2.3.jar;C:\Users\elcdb\.m2\repository\ch\qos\logback\logback-core\1.2.3\logback-core-1.2.3.jar;C:\Users\elcdb\.m2\repository\org\apache\logging\log4j\log4j-to-slf4j\2.13.3\log4j-to-slf4j-2.13.3.jar;C:\Users\elcdb\.m2\repository\org\apache\logging\log4j\log4j-api\2.13.3\log4j-api-2.13.3.jar;C:\Users\elcdb\.m2\repository\org\slf4j\jul-to-slf4j\1.7.30\jul-to-slf4j-1.7.30.jar;C:\Users\elcdb\.m2\repository\jakarta\annotation\jakarta.annotation-api\1.3.5\jakarta.annotation-api-1.3.5.jar;C:\
Launcher Type: SUN_STANDARD

Environment Variables:
JAVA_HOME=C:\Program Files\Java\jdk1.8.0_251
JRE_HOME=C:\Program Files\Java\jdk1.8.0_251\bin
PATH=C:/Program Files/Java/jre1.8.0_251/bin/server;C:/Program Files/Java/jre1.8.0_251/bin;C:/Program Files/Java/jre1.8.0_251/lib/amd64;C:\Program Files (x86)\Common Files\Oracle\Java\javapath;C:\WINDOWS\system32;C:\WINDOWS;C:\WINDOWS\System32\Wbem;C:\WINDOWS\System32\WindowsPowerShell\v1.0\;C:\WINDOWS\System32\OpenSSH\;C:\Program Files\Git\cmd;C:\laragon\bin\php\php-7.2.19-Win32-VC15-x64;C:\composer;C:\Program Files\nodejs\;C:\Program Files\dotnet\;C:\Program Files\Microsoft SQL Server\130\Tools\Binn\;C:\Program Files\Microsoft SQL Server\Client SDK\ODBC\170\Tools\Binn\;C:\Program Files (x86)\Microsoft SQL Server\150\Tools\Binn\;C:\Program Files\Microsoft SQL Server\150\Tools\Binn\;C:\Program Files\Microsoft SQL Server\150\DTS\Binn\;C:\Program Files (x86)\Microsoft SQL Server\150\DTS\Binn\;C:\Program Files\Docker\Docker\resources\bin;C:\ProgramData\DockerDesktop\version-bin;C:\Program Files\TortoiseSVN\bin;C:\laragon\bin;C:\laragon\bin\apache\httpd-2.4.35-win64-VC15\bin;C:\laragon\bin\composer;C:\laragon\bin\git\bin;C:\laragon\bin\git\cmd;C:\laragon\bin\git\mingw64\bin;C:\laragon\bin\git\usr\bin;C:\laragon\bin\laragon\utils;C:\laragon\bin\mysql\mysql-5.7.24-winx64\bin;C:\laragon\bin\nginx\nginx-1.16.0;C:\laragon\bin\ngrok;C:\laragon\bin\nodejs\node-v12;C:\laragon\bin\notepad++;C:\laragon\bin\php\php-7.4.10-Win32-vc15-x64;C:\laragon\bin\putty;C:\laragon\bin\redis\redis-x64-3.2.100;C:\laragon\bin\telnet;C:\laragon\usr\bin;C:\Users\elcdb\AppData\Local\Yarn\config\global\node_modules\.bin;C:\Users\elcdb\AppData\Roaming\Composer\vendor\bin;C:\Users\elcdb\AppData\Roaming\npm;C:\Users\elcdb\AppData\Local\Microsoft\WindowsApps;C:\Users\elcdb\AppData\Local\Programs\Microsoft VS Code\bin;C:\src\flutter\bin;C:\Program Files\Java\jdk1.8.0_251\bin;C:\Users\elcdb\.dotnet\tools;C:\Program Files\apache-maven-3.3.3\bin;;C:\Users\elcdb\AppData\Local\Microsoft\WindowsApps;C:\spring\sts-bundle\sts-3.9.5.RELEASE;
USERNAME=elcdb
OS=Windows_NT
PROCESSOR_IDENTIFIER=AMD64 Family 23 Model 24 Stepping 1, AuthenticAMD



---------------  S Y S T E M  ---------------

OS: Windows 10.0 , 64 bit Build 19041 (10.0.19041.928)

CPU:total 8 (initial active 8) (8 cores per cpu, 1 threads per core) family 23 model 24 stepping 1, cmov, cx8, fxsr, mmx, sse, sse2, sse3, ssse3, sse4.1, sse4.2, popcnt, avx, avx2, aes, clmul, mmxext, 3dnowpref, lzcnt, sse4a, tsc, tscinvbit, tscinv, bmi1

Memory: 4k page, physical 10397372k(1075704k free), swap 34514620k(14808052k free)

vm_info: Java HotSpot(TM) 64-Bit Server VM (25.251-b08) for windows-amd64 JRE (1.8.0_251-b08), built on Mar 12 2020 06:31:49 by "" with MS VC++ 10.0 (VS2010)

time: Tue Apr 20 15:30:11 2021
timezone: Hora est. Pacífico, Sudamérica
elapsed time: 272 seconds (0d 0h 4m 32s)

